build/app/intermediates/manifest_merge_blame_file/debug/manifest-merger-blame-debug-report.txt
1<?xml version="1.0" encoding="utf-8"?>
2<manifest xmlns:android="http://schemas.android.com/apk/res/android"
3    package="com.arrows.balloonzUp"
4    android:versionCode="1"
5    android:versionName="1.0.0" >
6
7    <uses-sdk
8        android:minSdkVersion="21"
9        android:targetSdkVersion="31" />
10    <!--
11         Flutter needs it to communicate with the running application
12         to allow setting breakpoints, to provide hot reload, etc.
13    -->
14    <uses-permission android:name="android.permission.INTERNET" />
14-->src/main/AndroidManifest.xml:7:5-67
14-->src/main/AndroidManifest.xml:7:22-64
15    <uses-permission android:name="android.permission.ACCESS_FINE_LOCATION" />
15-->src/main/AndroidManifest.xml:3:5-79
15-->src/main/AndroidManifest.xml:3:22-76
16    <uses-permission android:name="android.permission.ACCESS_COARSE_LOCATION" />
16-->src/main/AndroidManifest.xml:4:5-81
16-->src/main/AndroidManifest.xml:4:22-78
17    <uses-permission android:name="android.permission.ACCESS_BACKGROUND_LOCATION" />
17-->src/main/AndroidManifest.xml:5:5-85
17-->src/main/AndroidManifest.xml:5:22-82
18    <uses-permission android:name="android.permission.ACCESS_FOREGROUND_SERVICE" />
18-->src/main/AndroidManifest.xml:6:5-84
18-->src/main/AndroidManifest.xml:6:22-81
19    <uses-permission android:name="android.permission.WRITE_EXTERNAL_STORAGE" />
19-->src/main/AndroidManifest.xml:8:5-81
19-->src/main/AndroidManifest.xml:8:22-78
20    <uses-permission android:name="android.permission.READ_EXTERNAL_STORAGE" />
20-->src/main/AndroidManifest.xml:9:5-80
20-->src/main/AndroidManifest.xml:9:22-77
21    <uses-permission android:name="android.permission.QUERY_ALL_PACKAGES" />
21-->src/main/AndroidManifest.xml:10:5-77
21-->src/main/AndroidManifest.xml:10:22-74
22    <uses-permission android:name="android.permission.ACCESS_COARSE_LOCATION" />
22-->src/main/AndroidManifest.xml:4:5-81
22-->src/main/AndroidManifest.xml:4:22-78
23    <uses-permission android:name="android.permission.RECEIVE_BOOT_COMPLETED" />
23-->[:flutter_local_notifications] AndroidManifest.xml:7:5-81
23-->[:flutter_local_notifications] AndroidManifest.xml:7:22-78
24    <uses-permission android:name="android.permission.VIBRATE" />
24-->[:flutter_local_notifications] AndroidManifest.xml:8:5-66
24-->[:flutter_local_notifications] AndroidManifest.xml:8:22-63
25    <uses-permission android:name="android.permission.USE_FULL_SCREEN_INTENT" />
25-->[:flutter_local_notifications] AndroidManifest.xml:9:5-81
25-->[:flutter_local_notifications] AndroidManifest.xml:9:22-78
26    <uses-permission android:name="android.permission.SCHEDULE_EXACT_ALARM" />
26-->[:flutter_local_notifications] AndroidManifest.xml:10:5-79
26-->[:flutter_local_notifications] AndroidManifest.xml:10:22-76
27    <uses-permission android:name="android.permission.ACCESS_NETWORK_STATE" /> <!-- Used to check if a browser is available before launching phone auth -->
27-->[com.firebaseui:firebase-ui-auth:8.0.2] AndroidManifest.xml:10:5-79
27-->[com.firebaseui:firebase-ui-auth:8.0.2] AndroidManifest.xml:10:22-76
28    <!-- See ui/phone/PhoneNumberVerificationHandler.isBrowserAvailable() -->
29    <queries>
29-->[com.firebaseui:firebase-ui-auth:8.0.2] AndroidManifest.xml:15:5-23:15
30        <intent>
30-->[com.firebaseui:firebase-ui-auth:8.0.2] AndroidManifest.xml:16:9-22:18
31            <action android:name="android.intent.action.VIEW" />
31-->[com.firebaseui:firebase-ui-auth:8.0.2] AndroidManifest.xml:17:13-65
31-->[com.firebaseui:firebase-ui-auth:8.0.2] AndroidManifest.xml:17:21-62
32
33            <category android:name="android.intent.category.BROWSABLE" />
33-->[com.firebaseui:firebase-ui-auth:8.0.2] AndroidManifest.xml:19:13-74
33-->[com.firebaseui:firebase-ui-auth:8.0.2] AndroidManifest.xml:19:23-71
34
35            <data android:scheme="http" />
35-->[com.firebaseui:firebase-ui-auth:8.0.2] AndroidManifest.xml:21:13-43
35-->[com.firebaseui:firebase-ui-auth:8.0.2] AndroidManifest.xml:21:19-40
36        </intent>
37        <!-- Needs to be explicitly declared on Android R+ -->
38        <package android:name="com.google.android.apps.maps" />
38-->[com.google.android.gms:play-services-maps:18.1.0] AndroidManifest.xml:33:9-64
38-->[com.google.android.gms:play-services-maps:18.1.0] AndroidManifest.xml:33:18-61
39    </queries>
40
41    <uses-permission android:name="android.permission.WAKE_LOCK" />
41-->[com.google.android.gms:play-services-measurement-api:21.1.1] AndroidManifest.xml:24:5-68
41-->[com.google.android.gms:play-services-measurement-api:21.1.1] AndroidManifest.xml:24:22-65
42    <uses-permission android:name="com.google.android.gms.permission.AD_ID" />
42-->[com.google.android.gms:play-services-measurement-api:21.1.1] AndroidManifest.xml:25:5-79
42-->[com.google.android.gms:play-services-measurement-api:21.1.1] AndroidManifest.xml:25:22-76
43
44    <uses-feature
44-->[com.google.android.gms:play-services-maps:18.1.0] AndroidManifest.xml:26:5-28:35
45        android:glEsVersion="0x00020000"
45-->[com.google.android.gms:play-services-maps:18.1.0] AndroidManifest.xml:27:9-41
46        android:required="true" />
46-->[com.google.android.gms:play-services-maps:18.1.0] AndroidManifest.xml:28:9-32
47
48    <uses-permission android:name="com.google.android.finsky.permission.BIND_GET_INSTALL_REFERRER_SERVICE" />
48-->[com.google.android.gms:play-services-measurement:21.1.1] AndroidManifest.xml:26:5-110
48-->[com.google.android.gms:play-services-measurement:21.1.1] AndroidManifest.xml:26:22-107
49
50    <permission
50-->[androidx.core:core:1.9.0] AndroidManifest.xml:22:5-24:47
51        android:name="com.arrows.balloonzUp.DYNAMIC_RECEIVER_NOT_EXPORTED_PERMISSION"
51-->[androidx.core:core:1.9.0] AndroidManifest.xml:23:9-81
52        android:protectionLevel="signature" />
52-->[androidx.core:core:1.9.0] AndroidManifest.xml:24:9-44
53
54    <uses-permission android:name="com.arrows.balloonzUp.DYNAMIC_RECEIVER_NOT_EXPORTED_PERMISSION" /> <!-- <uses-library android:name="org.apache.http.legacy" android:required="false"/> -->
54-->[androidx.core:core:1.9.0] AndroidManifest.xml:26:5-97
54-->[androidx.core:core:1.9.0] AndroidManifest.xml:26:22-94
55    <application
55-->src/main/AndroidManifest.xml:14:5-56:19
56        android:appComponentFactory="androidx.core.app.CoreComponentFactory"
56-->[androidx.core:core:1.9.0] AndroidManifest.xml:28:18-86
57        android:debuggable="true"
58        android:icon="@mipmap/ic_launcher"
58-->src/main/AndroidManifest.xml:16:8-42
59        android:label="Code" >
59-->src/main/AndroidManifest.xml:15:9-29
60        <meta-data
60-->src/main/AndroidManifest.xml:17:9-18:69
61            android:name="com.google.android.geo.API_KEY"
61-->src/main/AndroidManifest.xml:17:20-65
62            android:value="AIzaSyACAoM5tqUhlu2tUNyPrsKr6oyHhoW-tNw" />
62-->src/main/AndroidManifest.xml:18:12-67
63
64        <activity
64-->src/main/AndroidManifest.xml:19:9-50:20
65            android:name="com.example.arrowss.MainActivity"
65-->src/main/AndroidManifest.xml:20:13-41
66            android:configChanges="orientation|keyboardHidden|keyboard|screenSize|smallestScreenSize|locale|layoutDirection|fontScale|screenLayout|density|uiMode"
66-->src/main/AndroidManifest.xml:26:13-163
67            android:exported="true"
67-->src/main/AndroidManifest.xml:21:13-36
68            android:hardwareAccelerated="true"
68-->src/main/AndroidManifest.xml:27:13-47
69            android:launchMode="singleTop"
69-->src/main/AndroidManifest.xml:24:13-43
70            android:theme="@style/LaunchTheme"
70-->src/main/AndroidManifest.xml:25:13-47
71            android:usesCleartextTraffic="true"
71-->src/main/AndroidManifest.xml:22:13-48
72            android:windowSoftInputMode="adjustResize" >
72-->src/main/AndroidManifest.xml:28:13-55
73
74            <!--
75                 Specifies an Android theme to apply to this Activity as soon as
76                 the Android process has started. This theme is visible to the user
77                 while the Flutter UI initializes. After that, this theme continues
78                 to determine the Window background behind the Flutter UI.
79            -->
80            <meta-data
80-->src/main/AndroidManifest.xml:33:13-36:17
81                android:name="io.flutter.embedding.android.NormalTheme"
81-->src/main/AndroidManifest.xml:34:15-70
82                android:resource="@style/NormalTheme" />
82-->src/main/AndroidManifest.xml:35:15-52
83            <!--
84                 Displays an Android View that continues showing the launch screen
85                 Drawable until Flutter paints its first frame, then this splash
86                 screen fades out. A splash screen is useful to avoid any visual
87                 gap between the end of Android's launch screen and the painting of
88                 Flutter's first frame.
89            -->
90            <!-- <meta-data -->
91            <!-- android:name="io.flutter.embedding.android.SplashScreenDrawable" -->
92            <!-- android:resource="@drawable/launch_background" -->
93            <!-- /> -->
94            <intent-filter>
94-->src/main/AndroidManifest.xml:46:13-49:29
95                <action android:name="android.intent.action.MAIN" />
95-->src/main/AndroidManifest.xml:47:17-68
95-->src/main/AndroidManifest.xml:47:25-66
96
97                <category android:name="android.intent.category.LAUNCHER" />
97-->src/main/AndroidManifest.xml:48:17-76
97-->src/main/AndroidManifest.xml:48:27-74
98            </intent-filter>
99        </activity>
100        <!--
101             Don't delete the meta-data below.
102             This is used by the Flutter tool to generate GeneratedPluginRegistrant.java
103        -->
104        <meta-data
104-->src/main/AndroidManifest.xml:53:9-55:33
105            android:name="flutterEmbedding"
105-->src/main/AndroidManifest.xml:54:13-44
106            android:value="2" />
106-->src/main/AndroidManifest.xml:55:13-30
107
108        <service
108-->[:firebase_auth] AndroidManifest.xml:8:9-12:19
109            android:name="com.google.firebase.components.ComponentDiscoveryService"
109-->[:firebase_auth] AndroidManifest.xml:8:18-89
110            android:directBootAware="true"
110-->[com.google.firebase:firebase-common:20.2.0] AndroidManifest.xml:34:13-43
111            android:exported="false" >
111-->[com.google.firebase:firebase-auth:21.1.0] AndroidManifest.xml:66:13-37
112            <meta-data
112-->[:firebase_auth] AndroidManifest.xml:9:13-11:85
113                android:name="com.google.firebase.components:io.flutter.plugins.firebase.auth.FlutterFirebaseAuthRegistrar"
113-->[:firebase_auth] AndroidManifest.xml:10:17-124
114                android:value="com.google.firebase.components.ComponentRegistrar" />
114-->[:firebase_auth] AndroidManifest.xml:11:17-82
115            <meta-data
115-->[:firebase_core] AndroidManifest.xml:9:13-11:85
116                android:name="com.google.firebase.components:io.flutter.plugins.firebase.core.FlutterFirebaseCoreRegistrar"
116-->[:firebase_core] AndroidManifest.xml:10:17-124
117                android:value="com.google.firebase.components.ComponentRegistrar" />
117-->[:firebase_core] AndroidManifest.xml:11:17-82
118            <meta-data
118-->[com.google.firebase:firebase-auth:21.1.0] AndroidManifest.xml:67:13-69:85
119                android:name="com.google.firebase.components:com.google.firebase.auth.FirebaseAuthRegistrar"
119-->[com.google.firebase:firebase-auth:21.1.0] AndroidManifest.xml:68:17-109
120                android:value="com.google.firebase.components.ComponentRegistrar" />
120-->[com.google.firebase:firebase-auth:21.1.0] AndroidManifest.xml:69:17-82
121            <meta-data
121-->[com.google.android.gms:play-services-measurement-api:21.1.1] AndroidManifest.xml:31:13-33:85
122                android:name="com.google.firebase.components:com.google.firebase.analytics.connector.internal.AnalyticsConnectorRegistrar"
122-->[com.google.android.gms:play-services-measurement-api:21.1.1] AndroidManifest.xml:32:17-139
123                android:value="com.google.firebase.components.ComponentRegistrar" />
123-->[com.google.android.gms:play-services-measurement-api:21.1.1] AndroidManifest.xml:33:17-82
124            <meta-data
124-->[com.google.firebase:firebase-installations:17.0.3] AndroidManifest.xml:18:13-20:85
125                android:name="com.google.firebase.components:com.google.firebase.installations.FirebaseInstallationsRegistrar"
125-->[com.google.firebase:firebase-installations:17.0.3] AndroidManifest.xml:19:17-127
126                android:value="com.google.firebase.components.ComponentRegistrar" />
126-->[com.google.firebase:firebase-installations:17.0.3] AndroidManifest.xml:20:17-82
127        </service>
128
129        <receiver
129-->[:flutter_local_notifications] AndroidManifest.xml:13:9-15:40
130            android:name="com.dexterous.flutterlocalnotifications.ScheduledNotificationReceiver"
130-->[:flutter_local_notifications] AndroidManifest.xml:14:13-97
131            android:exported="false" />
131-->[:flutter_local_notifications] AndroidManifest.xml:15:13-37
132        <receiver
132-->[:flutter_local_notifications] AndroidManifest.xml:16:9-25:20
133            android:name="com.dexterous.flutterlocalnotifications.ScheduledNotificationBootReceiver"
133-->[:flutter_local_notifications] AndroidManifest.xml:17:13-101
134            android:exported="false" >
134-->[:flutter_local_notifications] AndroidManifest.xml:18:13-37
135            <intent-filter>
135-->[:flutter_local_notifications] AndroidManifest.xml:19:13-24:29
136                <action android:name="android.intent.action.BOOT_COMPLETED" />
136-->[:flutter_local_notifications] AndroidManifest.xml:20:17-79
136-->[:flutter_local_notifications] AndroidManifest.xml:20:25-76
137                <action android:name="android.intent.action.MY_PACKAGE_REPLACED" />
137-->[:flutter_local_notifications] AndroidManifest.xml:21:17-84
137-->[:flutter_local_notifications] AndroidManifest.xml:21:25-81
138                <action android:name="android.intent.action.QUICKBOOT_POWERON" />
138-->[:flutter_local_notifications] AndroidManifest.xml:22:17-82
138-->[:flutter_local_notifications] AndroidManifest.xml:22:25-79
139                <action android:name="com.htc.intent.action.QUICKBOOT_POWERON" />
139-->[:flutter_local_notifications] AndroidManifest.xml:23:17-82
139-->[:flutter_local_notifications] AndroidManifest.xml:23:25-79
140            </intent-filter>
141        </receiver>
142
143        <provider
143-->[:printing] AndroidManifest.xml:8:9-16:20
144            android:name="net.nfet.flutter.printing.PrintFileProvider"
144-->[:printing] AndroidManifest.xml:9:13-71
145            android:authorities="com.arrows.balloonzUp.flutter.printing"
145-->[:printing] AndroidManifest.xml:10:13-68
146            android:exported="false"
146-->[:printing] AndroidManifest.xml:11:13-37
147            android:grantUriPermissions="true" >
147-->[:printing] AndroidManifest.xml:12:13-47
148            <meta-data
148-->[:printing] AndroidManifest.xml:13:13-15:71
149                android:name="android.support.FILE_PROVIDER_PATHS"
149-->[:printing] AndroidManifest.xml:14:17-67
150                android:resource="@xml/flutter_printing_file_paths" />
150-->[:printing] AndroidManifest.xml:15:17-68
151        </provider>
152        <!--
153           Declares a provider which allows us to store files to share in
154           '.../caches/share_plus' and grant the receiving action access
155        -->
156        <provider
156-->[:share_plus] AndroidManifest.xml:13:9-21:20
157            android:name="dev.fluttercommunity.plus.share.ShareFileProvider"
157-->[:share_plus] AndroidManifest.xml:14:13-77
158            android:authorities="com.arrows.balloonzUp.flutter.share_provider"
158-->[:share_plus] AndroidManifest.xml:15:13-74
159            android:exported="false"
159-->[:share_plus] AndroidManifest.xml:16:13-37
160            android:grantUriPermissions="true" >
160-->[:share_plus] AndroidManifest.xml:17:13-47
161            <meta-data
161-->[:printing] AndroidManifest.xml:13:13-15:71
162                android:name="android.support.FILE_PROVIDER_PATHS"
162-->[:printing] AndroidManifest.xml:14:17-67
163                android:resource="@xml/flutter_share_file_paths" />
163-->[:printing] AndroidManifest.xml:15:17-68
164        </provider>
165        <!--
166           This manifest declared broadcast receiver allows us to use an explicit
167           Intent when creating a PendingItent to be informed of the user's choice
168        -->
169        <receiver
169-->[:share_plus] AndroidManifest.xml:26:9-32:20
170            android:name="dev.fluttercommunity.plus.share.SharePlusPendingIntent"
170-->[:share_plus] AndroidManifest.xml:27:13-82
171            android:exported="true" >
171-->[:share_plus] AndroidManifest.xml:28:13-36
172            <intent-filter>
172-->[:share_plus] AndroidManifest.xml:29:13-31:29
173                <action android:name="EXTRA_CHOSEN_COMPONENT" />
173-->[:share_plus] AndroidManifest.xml:30:17-65
173-->[:share_plus] AndroidManifest.xml:30:25-62
174            </intent-filter>
175        </receiver>
176
177        <uses-library
177-->[androidx.window:window:1.0.0-beta04] AndroidManifest.xml:25:9-27:40
178            android:name="androidx.window.extensions"
178-->[androidx.window:window:1.0.0-beta04] AndroidManifest.xml:26:13-54
179            android:required="false" />
179-->[androidx.window:window:1.0.0-beta04] AndroidManifest.xml:27:13-37
180        <uses-library
180-->[androidx.window:window:1.0.0-beta04] AndroidManifest.xml:28:9-30:40
181            android:name="androidx.window.sidecar"
181-->[androidx.window:window:1.0.0-beta04] AndroidManifest.xml:29:13-51
182            android:required="false" />
182-->[androidx.window:window:1.0.0-beta04] AndroidManifest.xml:30:13-37
183
184        <meta-data
184-->[com.firebaseui:firebase-ui-auth:8.0.2] AndroidManifest.xml:26:9-28:69
185            android:name="com.google.android.gms.version"
185-->[com.firebaseui:firebase-ui-auth:8.0.2] AndroidManifest.xml:27:13-58
186            android:value="@integer/google_play_services_version" />
186-->[com.firebaseui:firebase-ui-auth:8.0.2] AndroidManifest.xml:28:13-66
187        <meta-data
187-->[com.firebaseui:firebase-ui-auth:8.0.2] AndroidManifest.xml:29:9-31:63
188            android:name="com.facebook.sdk.ApplicationId"
188-->[com.firebaseui:firebase-ui-auth:8.0.2] AndroidManifest.xml:30:13-58
189            android:value="@string/facebook_application_id" />
189-->[com.firebaseui:firebase-ui-auth:8.0.2] AndroidManifest.xml:31:13-60
190
191        <activity
191-->[com.firebaseui:firebase-ui-auth:8.0.2] AndroidManifest.xml:33:9-37:61
192            android:name="com.firebase.ui.auth.KickoffActivity"
192-->[com.firebaseui:firebase-ui-auth:8.0.2] AndroidManifest.xml:34:13-64
193            android:exported="false"
193-->[com.firebaseui:firebase-ui-auth:8.0.2] AndroidManifest.xml:35:13-37
194            android:label=""
194-->[com.firebaseui:firebase-ui-auth:8.0.2] AndroidManifest.xml:36:13-29
195            android:theme="@style/FirebaseUI.Transparent" />
195-->[com.firebaseui:firebase-ui-auth:8.0.2] AndroidManifest.xml:37:13-58
196        <activity
196-->[com.firebaseui:firebase-ui-auth:8.0.2] AndroidManifest.xml:38:9-42:61
197            android:name="com.firebase.ui.auth.ui.idp.SingleSignInActivity"
197-->[com.firebaseui:firebase-ui-auth:8.0.2] AndroidManifest.xml:39:13-76
198            android:exported="false"
198-->[com.firebaseui:firebase-ui-auth:8.0.2] AndroidManifest.xml:40:13-37
199            android:label=""
199-->[com.firebaseui:firebase-ui-auth:8.0.2] AndroidManifest.xml:41:13-29
200            android:theme="@style/FirebaseUI.Transparent" />
200-->[com.firebaseui:firebase-ui-auth:8.0.2] AndroidManifest.xml:42:13-58
201        <activity
201-->[com.firebaseui:firebase-ui-auth:8.0.2] AndroidManifest.xml:43:9-47:61
202            android:name="com.firebase.ui.auth.ui.credentials.CredentialSaveActivity"
202-->[com.firebaseui:firebase-ui-auth:8.0.2] AndroidManifest.xml:44:13-86
203            android:exported="false"
203-->[com.firebaseui:firebase-ui-auth:8.0.2] AndroidManifest.xml:45:13-37
204            android:label=""
204-->[com.firebaseui:firebase-ui-auth:8.0.2] AndroidManifest.xml:46:13-29
205            android:theme="@style/FirebaseUI.Transparent" />
205-->[com.firebaseui:firebase-ui-auth:8.0.2] AndroidManifest.xml:47:13-58
206        <activity
206-->[com.firebaseui:firebase-ui-auth:8.0.2] AndroidManifest.xml:48:9-52:58
207            android:name="com.firebase.ui.auth.ui.email.RecoverPasswordActivity"
207-->[com.firebaseui:firebase-ui-auth:8.0.2] AndroidManifest.xml:49:13-81
208            android:exported="false"
208-->[com.firebaseui:firebase-ui-auth:8.0.2] AndroidManifest.xml:50:13-37
209            android:label="@string/fui_title_recover_password_activity"
209-->[com.firebaseui:firebase-ui-auth:8.0.2] AndroidManifest.xml:51:13-72
210            android:windowSoftInputMode="adjustResize" />
210-->[com.firebaseui:firebase-ui-auth:8.0.2] AndroidManifest.xml:52:13-55
211        <activity
211-->[com.firebaseui:firebase-ui-auth:8.0.2] AndroidManifest.xml:53:9-57:58
212            android:name="com.firebase.ui.auth.ui.email.EmailActivity"
212-->[com.firebaseui:firebase-ui-auth:8.0.2] AndroidManifest.xml:54:13-71
213            android:exported="false"
213-->[com.firebaseui:firebase-ui-auth:8.0.2] AndroidManifest.xml:55:13-37
214            android:label="@string/fui_sign_in_default"
214-->[com.firebaseui:firebase-ui-auth:8.0.2] AndroidManifest.xml:56:13-56
215            android:windowSoftInputMode="adjustResize" />
215-->[com.firebaseui:firebase-ui-auth:8.0.2] AndroidManifest.xml:57:13-55
216        <activity
216-->[com.firebaseui:firebase-ui-auth:8.0.2] AndroidManifest.xml:58:9-62:77
217            android:name="com.firebase.ui.auth.ui.phone.PhoneActivity"
217-->[com.firebaseui:firebase-ui-auth:8.0.2] AndroidManifest.xml:59:13-71
218            android:exported="false"
218-->[com.firebaseui:firebase-ui-auth:8.0.2] AndroidManifest.xml:60:13-37
219            android:label="@string/fui_sign_in_with_phone_number"
219-->[com.firebaseui:firebase-ui-auth:8.0.2] AndroidManifest.xml:61:13-66
220            android:windowSoftInputMode="adjustResize|stateAlwaysVisible" />
220-->[com.firebaseui:firebase-ui-auth:8.0.2] AndroidManifest.xml:62:13-74
221        <activity
221-->[com.firebaseui:firebase-ui-auth:8.0.2] AndroidManifest.xml:63:9-67:58
222            android:name="com.firebase.ui.auth.ui.idp.WelcomeBackIdpPrompt"
222-->[com.firebaseui:firebase-ui-auth:8.0.2] AndroidManifest.xml:64:13-76
223            android:exported="false"
223-->[com.firebaseui:firebase-ui-auth:8.0.2] AndroidManifest.xml:65:13-37
224            android:label="@string/fui_title_welcome_back_idp_prompt"
224-->[com.firebaseui:firebase-ui-auth:8.0.2] AndroidManifest.xml:66:13-70
225            android:windowSoftInputMode="adjustResize" />
225-->[com.firebaseui:firebase-ui-auth:8.0.2] AndroidManifest.xml:67:13-55
226        <activity
226-->[com.firebaseui:firebase-ui-auth:8.0.2] AndroidManifest.xml:68:9-72:58
227            android:name="com.firebase.ui.auth.ui.email.WelcomeBackPasswordPrompt"
227-->[com.firebaseui:firebase-ui-auth:8.0.2] AndroidManifest.xml:69:13-83
228            android:exported="false"
228-->[com.firebaseui:firebase-ui-auth:8.0.2] AndroidManifest.xml:70:13-37
229            android:label="@string/fui_title_welcome_back_password_prompt"
229-->[com.firebaseui:firebase-ui-auth:8.0.2] AndroidManifest.xml:71:13-75
230            android:windowSoftInputMode="adjustResize" />
230-->[com.firebaseui:firebase-ui-auth:8.0.2] AndroidManifest.xml:72:13-55
231        <activity
231-->[com.firebaseui:firebase-ui-auth:8.0.2] AndroidManifest.xml:73:9-77:58
232            android:name="com.firebase.ui.auth.ui.email.WelcomeBackEmailLinkPrompt"
232-->[com.firebaseui:firebase-ui-auth:8.0.2] AndroidManifest.xml:74:13-84
233            android:exported="false"
233-->[com.firebaseui:firebase-ui-auth:8.0.2] AndroidManifest.xml:75:13-37
234            android:label="@string/fui_title_welcome_back_password_prompt"
234-->[com.firebaseui:firebase-ui-auth:8.0.2] AndroidManifest.xml:76:13-75
235            android:windowSoftInputMode="adjustResize" />
235-->[com.firebaseui:firebase-ui-auth:8.0.2] AndroidManifest.xml:77:13-55
236        <activity
236-->[com.firebaseui:firebase-ui-auth:8.0.2] AndroidManifest.xml:78:9-83:58
237            android:name="com.firebase.ui.auth.ui.email.EmailLinkCatcherActivity"
237-->[com.firebaseui:firebase-ui-auth:8.0.2] AndroidManifest.xml:79:13-82
238            android:exported="false"
238-->[com.firebaseui:firebase-ui-auth:8.0.2] AndroidManifest.xml:80:13-37
239            android:label=""
239-->[com.firebaseui:firebase-ui-auth:8.0.2] AndroidManifest.xml:81:13-29
240            android:theme="@style/FirebaseUI.Transparent"
240-->[com.firebaseui:firebase-ui-auth:8.0.2] AndroidManifest.xml:82:13-58
241            android:windowSoftInputMode="adjustResize" />
241-->[com.firebaseui:firebase-ui-auth:8.0.2] AndroidManifest.xml:83:13-55
242        <activity
242-->[com.firebaseui:firebase-ui-auth:8.0.2] AndroidManifest.xml:84:9-88:58
243            android:name="com.firebase.ui.auth.ui.email.EmailLinkErrorRecoveryActivity"
243-->[com.firebaseui:firebase-ui-auth:8.0.2] AndroidManifest.xml:85:13-88
244            android:exported="false"
244-->[com.firebaseui:firebase-ui-auth:8.0.2] AndroidManifest.xml:86:13-37
245            android:label="@string/fui_sign_in_default"
245-->[com.firebaseui:firebase-ui-auth:8.0.2] AndroidManifest.xml:87:13-56
246            android:windowSoftInputMode="adjustResize" />
246-->[com.firebaseui:firebase-ui-auth:8.0.2] AndroidManifest.xml:88:13-55
247        <activity
247-->[com.firebaseui:firebase-ui-auth:8.0.2] AndroidManifest.xml:89:9-92:65
248            android:name="com.firebase.ui.auth.ui.idp.AuthMethodPickerActivity"
248-->[com.firebaseui:firebase-ui-auth:8.0.2] AndroidManifest.xml:90:13-80
249            android:exported="false"
249-->[com.firebaseui:firebase-ui-auth:8.0.2] AndroidManifest.xml:91:13-37
250            android:label="@string/fui_default_toolbar_title" />
250-->[com.firebaseui:firebase-ui-auth:8.0.2] AndroidManifest.xml:92:13-62
251        <activity
251-->[com.firebaseui:firebase-ui-auth:8.0.2] AndroidManifest.xml:93:9-97:48
252            android:name="com.facebook.FacebookActivity"
252-->[com.firebaseui:firebase-ui-auth:8.0.2] AndroidManifest.xml:94:13-57
253            android:configChanges="keyboard|keyboardHidden|screenLayout|screenSize|orientation"
253-->[com.firebaseui:firebase-ui-auth:8.0.2] AndroidManifest.xml:95:13-96
254            android:label="@string/app_name" />
254-->[com.firebaseui:firebase-ui-auth:8.0.2] AndroidManifest.xml:96:13-45
255        <activity
255-->[com.firebaseui:firebase-ui-auth:8.0.2] AndroidManifest.xml:98:9-110:20
256            android:name="com.facebook.CustomTabActivity"
256-->[com.firebaseui:firebase-ui-auth:8.0.2] AndroidManifest.xml:99:13-58
257            android:exported="true" >
257-->[com.firebaseui:firebase-ui-auth:8.0.2] AndroidManifest.xml:100:13-36
258            <intent-filter>
258-->[com.firebaseui:firebase-ui-auth:8.0.2] AndroidManifest.xml:102:13-109:29
259                <action android:name="android.intent.action.VIEW" />
259-->[com.firebaseui:firebase-ui-auth:8.0.2] AndroidManifest.xml:17:13-65
259-->[com.firebaseui:firebase-ui-auth:8.0.2] AndroidManifest.xml:17:21-62
260
261                <category android:name="android.intent.category.DEFAULT" />
261-->[com.firebaseui:firebase-ui-auth:8.0.2] AndroidManifest.xml:105:17-76
261-->[com.firebaseui:firebase-ui-auth:8.0.2] AndroidManifest.xml:105:27-73
262                <category android:name="android.intent.category.BROWSABLE" />
262-->[com.firebaseui:firebase-ui-auth:8.0.2] AndroidManifest.xml:19:13-74
262-->[com.firebaseui:firebase-ui-auth:8.0.2] AndroidManifest.xml:19:23-71
263
264                <data android:scheme="@string/facebook_login_protocol_scheme" />
264-->[com.firebaseui:firebase-ui-auth:8.0.2] AndroidManifest.xml:21:13-43
264-->[com.firebaseui:firebase-ui-auth:8.0.2] AndroidManifest.xml:21:19-40
265            </intent-filter>
266        </activity>
267
268        <provider
268-->[com.firebaseui:firebase-ui-auth:8.0.2] AndroidManifest.xml:112:9-116:38
269            android:name="com.firebase.ui.auth.data.client.AuthUiInitProvider"
269-->[com.firebaseui:firebase-ui-auth:8.0.2] AndroidManifest.xml:113:13-79
270            android:authorities="com.arrows.balloonzUp.authuiinitprovider"
270-->[com.firebaseui:firebase-ui-auth:8.0.2] AndroidManifest.xml:114:13-70
271            android:exported="false"
271-->[com.firebaseui:firebase-ui-auth:8.0.2] AndroidManifest.xml:115:13-37
272            android:initOrder="90" />
272-->[com.firebaseui:firebase-ui-auth:8.0.2] AndroidManifest.xml:116:13-35
273
274        <activity
274-->[com.google.firebase:firebase-auth:21.1.0] AndroidManifest.xml:27:9-44:20
275            android:name="com.google.firebase.auth.internal.GenericIdpActivity"
275-->[com.google.firebase:firebase-auth:21.1.0] AndroidManifest.xml:28:13-80
276            android:excludeFromRecents="true"
276-->[com.google.firebase:firebase-auth:21.1.0] AndroidManifest.xml:29:13-46
277            android:exported="true"
277-->[com.google.firebase:firebase-auth:21.1.0] AndroidManifest.xml:30:13-36
278            android:launchMode="singleTask"
278-->[com.google.firebase:firebase-auth:21.1.0] AndroidManifest.xml:31:13-44
279            android:theme="@android:style/Theme.Translucent.NoTitleBar" >
279-->[com.google.firebase:firebase-auth:21.1.0] AndroidManifest.xml:32:13-72
280            <intent-filter>
280-->[com.google.firebase:firebase-auth:21.1.0] AndroidManifest.xml:33:13-43:29
281                <action android:name="android.intent.action.VIEW" />